# JRE version: OpenJDK Runtime Environment Corretto-17.0.6.10.1 (17.0.6+10) (build 17.0.6+10-LTS)
# Java VM: OpenJDK 64-Bit Server VM Corretto-17.0.6.10.1 (17.0.6+10-LTS, mixed mode, sharing, tiered, compressed oops, compressed class ptrs, g1 gc, windows-amd64)
GC Precious Log:
 CPUs: 4 total, 4 available
 Memory: 8069M
 Large Page Support: Disabled
 NUMA Support: Disabled
 Compressed Oops: Enabled (32-bit)
 Heap Region Size: 1M
 Heap Min Capacity: 8M
 Heap Initial Capacity: 128M
 Heap Max Capacity: 2018M
 Pre-touch: Disabled
 Parallel Workers: 4
 Concurrent Workers: 1
 Concurrent Refinement Workers: 4
 Periodic GC: Disabled
Heap:
 garbage-first heap   total 70656K, used 22308K [0x0000000081e00000, 0x0000000100000000)
  region size 1024K, 4 young (4096K), 4 survivors (4096K)
 Metaspace       used 41194K, committed 41536K, reserved 1089536K
  class space    used 4965K, committed 5120K, reserved 1048576K
GC Heap History (20 events):
Event: 7.372 GC heap after
{Heap after GC invocations=11 (full 0):
 garbage-first heap   total 58368K, used 14192K [0x0000000081e00000, 0x0000000100000000)
  region size 1024K, 3 young (3072K), 3 survivors (3072K)
 Metaspace       used 23219K, committed 23424K, reserved 1073152K
  class space    used 2592K, committed 2688K, reserved 1048576K
}
Event: 8.006 GC heap before
{Heap before GC invocations=11 (full 0):
 garbage-first heap   total 58368K, used 45936K [0x0000000081e00000, 0x0000000100000000)
  region size 1024K, 34 young (34816K), 3 survivors (3072K)
 Metaspace       used 24594K, committed 24832K, reserved 1073152K
  class space    used 2746K, committed 2880K, reserved 1048576K
}
Event: 8.013 GC heap after
{Heap after GC invocations=12 (full 0):
 garbage-first heap   total 58368K, used 14133K [0x0000000081e00000, 0x0000000100000000)
  region size 1024K, 3 young (3072K), 3 survivors (3072K)
 Metaspace       used 24594K, committed 24832K, reserved 1073152K
  class space    used 2746K, committed 2880K, reserved 1048576K
}
Event: 8.514 GC heap before
{Heap before GC invocations=12 (full 0):
 garbage-first heap   total 58368K, used 44853K [0x0000000081e00000, 0x0000000100000000)
  region size 1024K, 34 young (34816K), 3 survivors (3072K)
 Metaspace       used 26249K, committed 26496K, reserved 1073152K
  class space    used 2942K, committed 3072K, reserved 1048576K
}
Event: 8.522 GC heap after
{Heap after GC invocations=13 (full 0):
 garbage-first heap   total 58368K, used 14894K [0x0000000081e00000, 0x0000000100000000)
  region size 1024K, 3 young (3072K), 3 survivors (3072K)
 Metaspace       used 26249K, committed 26496K, reserved 1073152K
  class space    used 2942K, committed 3072K, reserved 1048576K
}
Event: 9.084 GC heap before
{Heap before GC invocations=13 (full 0):
 garbage-first heap   total 58368K, used 46638K [0x0000000081e00000, 0x0000000100000000)
  region size 1024K, 34 young (34816K), 3 survivors (3072K)
 Metaspace       used 28664K, committed 28928K, reserved 1081344K
  class space    used 3332K, committed 3456K, reserved 1048576K
}
Event: 9.093 GC heap after
{Heap after GC invocations=14 (full 0):
 garbage-first heap   total 58368K, used 15089K [0x0000000081e00000, 0x0000000100000000)
  region size 1024K, 3 young (3072K), 3 survivors (3072K)
 Metaspace       used 28664K, committed 28928K, reserved 1081344K
  class space    used 3332K, committed 3456K, reserved 1048576K
}
Event: 9.762 GC heap before
{Heap before GC invocations=14 (full 0):
 garbage-first heap   total 58368K, used 46833K [0x0000000081e00000, 0x0000000100000000)
  region size 1024K, 34 young (34816K), 3 survivors (3072K)
 Metaspace       used 30849K, committed 31104K, reserved 1081344K
  class space    used 3664K, committed 3776K, reserved 1048576K
}
Event: 9.770 GC heap after
{Heap after GC invocations=15 (full 0):
 garbage-first heap   total 70656K, used 15598K [0x0000000081e00000, 0x0000000100000000)
  region size 1024K, 3 young (3072K), 3 survivors (3072K)
 Metaspace       used 30849K, committed 31104K, reserved 1081344K
  class space    used 3664K, committed 3776K, reserved 1048576K
}
Event: 10.932 GC heap before
{Heap before GC invocations=15 (full 0):
 garbage-first heap   total 70656K, used 54510K [0x0000000081e00000, 0x0000000100000000)
  region size 1024K, 41 young (41984K), 3 survivors (3072K)
 Metaspace       used 33410K, committed 33728K, reserved 1081344K
  class space    used 4051K, committed 4224K, reserved 1048576K
}
Event: 10.943 GC heap after
{Heap after GC invocations=16 (full 0):
 garbage-first heap   total 70656K, used 16911K [0x0000000081e00000, 0x0000000100000000)
  region size 1024K, 5 young (5120K), 5 survivors (5120K)
 Metaspace       used 33410K, committed 33728K, reserved 1081344K
  class space    used 4051K, committed 4224K, reserved 1048576K
}
Event: 12.080 GC heap before
{Heap before GC invocations=16 (full 0):
 garbage-first heap   total 70656K, used 53775K [0x0000000081e00000, 0x0000000100000000)
  region size 1024K, 41 young (41984K), 5 survivors (5120K)
 Metaspace       used 35014K, committed 35328K, reserved 1081344K
  class space    used 4239K, committed 4416K, reserved 1048576K
}
Event: 12.094 GC heap after
{Heap after GC invocations=17 (full 0):
 garbage-first heap   total 70656K, used 18724K [0x0000000081e00000, 0x0000000100000000)
  region size 1024K, 5 young (5120K), 5 survivors (5120K)
 Metaspace       used 35014K, committed 35328K, reserved 1081344K
  class space    used 4239K, committed 4416K, reserved 1048576K
}
Event: 12.420 GC heap before
{Heap before GC invocations=17 (full 0):
 garbage-first heap   total 70656K, used 39204K [0x0000000081e00000, 0x0000000100000000)
  region size 1024K, 26 young (26624K), 5 survivors (5120K)
 Metaspace       used 35805K, committed 36096K, reserved 1081344K
  class space    used 4328K, committed 4480K, reserved 1048576K
}
Event: 12.435 GC heap after
{Heap after GC invocations=18 (full 0):
 garbage-first heap   total 70656K, used 19676K [0x0000000081e00000, 0x0000000100000000)
  region size 1024K, 3 young (3072K), 3 survivors (3072K)
 Metaspace       used 35805K, committed 36096K, reserved 1081344K
  class space    used 4328K, committed 4480K, reserved 1048576K
}
Event: 13.324 GC heap before
{Heap before GC invocations=19 (full 0):
 garbage-first heap   total 70656K, used 57564K [0x0000000081e00000, 0x0000000100000000)
  region size 1024K, 40 young (40960K), 3 survivors (3072K)
 Metaspace       used 37464K, committed 37760K, reserved 1089536K
  class space    used 4555K, committed 4672K, reserved 1048576K
}
Event: 13.338 GC heap after
{Heap after GC invocations=20 (full 0):
 garbage-first heap   total 70656K, used 20397K [0x0000000081e00000, 0x0000000100000000)
  region size 1024K, 4 young (4096K), 4 survivors (4096K)
 Metaspace       used 37464K, committed 37760K, reserved 1089536K
  class space    used 4555K, committed 4672K, reserved 1048576K
}
Event: 13.889 GC heap before
{Heap before GC invocations=20 (full 0):
 garbage-first heap   total 70656K, used 57261K [0x0000000081e00000, 0x0000000100000000)
  region size 1024K, 40 young (40960K), 4 survivors (4096K)
 Metaspace       used 39522K, committed 39872K, reserved 1089536K
  class space    used 4793K, committed 4992K, reserved 1048576K
}
Event: 13.902 GC heap after
{Heap after GC invocations=21 (full 0):
 garbage-first heap   total 70656K, used 21238K [0x0000000081e00000, 0x0000000100000000)
  region size 1024K, 3 young (3072K), 3 survivors (3072K)
 Metaspace       used 39522K, committed 39872K, reserved 1089536K
  class space    used 4793K, committed 4992K, reserved 1048576K
}
Event: 15.148 GC heap before
{Heap before GC invocations=21 (full 0):
 garbage-first heap   total 70656K, used 59126K [0x0000000081e00000, 0x0000000100000000)
  region size 1024K, 40 young (40960K), 3 survivors (3072K)
 Metaspace       used 41194K, committed 41536K, reserved 1089536K
  class space    used 4965K, committed 5120K, reserved 1048576K
}

